2019-11-26 09:54:00 [scrapy.utils.log] INFO: Scrapy 1.8.0 started (bot: wangzherongyao)
2019-11-26 09:54:00 [scrapy.utils.log] INFO: Versions: lxml 4.4.1.0, libxml2 2.9.4, cssselect 1.1.0, parsel 1.5.2, w3lib 1.21.0, Twisted 19.10.0, Python 3.8.0 (v3.8.0:fa919fdf25, Oct 14 2019, 10:23:27) - [Clang 6.0 (clang-600.0.57)], pyOpenSSL 19.0.0 (OpenSSL 1.1.1d  10 Sep 2019), cryptography 2.8, Platform macOS-10.14.5-x86_64-i386-64bit
2019-11-26 09:54:00 [scrapy.crawler] INFO: Overridden settings: {'BOT_NAME': 'wangzherongyao', 'LOG_FILE': 'wangzhe.log', 'NEWSPIDER_MODULE': 'wangzherongyao.spiders', 'ROBOTSTXT_OBEY': True, 'SPIDER_MODULES': ['wangzherongyao.spiders']}
2019-11-26 09:54:00 [scrapy.extensions.telnet] INFO: Telnet Password: b2d35f415e37d9d6
2019-11-26 09:54:00 [scrapy.middleware] INFO: Enabled extensions:
['scrapy.extensions.corestats.CoreStats',
 'scrapy.extensions.telnet.TelnetConsole',
 'scrapy.extensions.memusage.MemoryUsage',
 'scrapy.extensions.logstats.LogStats']
2019-11-26 09:54:00 [scrapy.middleware] INFO: Enabled downloader middlewares:
['scrapy.downloadermiddlewares.robotstxt.RobotsTxtMiddleware',
 'scrapy.downloadermiddlewares.httpauth.HttpAuthMiddleware',
 'scrapy.downloadermiddlewares.downloadtimeout.DownloadTimeoutMiddleware',
 'scrapy.downloadermiddlewares.defaultheaders.DefaultHeadersMiddleware',
 'scrapy.downloadermiddlewares.useragent.UserAgentMiddleware',
 'scrapy.downloadermiddlewares.retry.RetryMiddleware',
 'scrapy.downloadermiddlewares.redirect.MetaRefreshMiddleware',
 'scrapy.downloadermiddlewares.httpcompression.HttpCompressionMiddleware',
 'scrapy.downloadermiddlewares.redirect.RedirectMiddleware',
 'scrapy.downloadermiddlewares.cookies.CookiesMiddleware',
 'scrapy.downloadermiddlewares.httpproxy.HttpProxyMiddleware',
 'scrapy.downloadermiddlewares.stats.DownloaderStats']
2019-11-26 09:54:00 [scrapy.middleware] INFO: Enabled spider middlewares:
['scrapy.spidermiddlewares.httperror.HttpErrorMiddleware',
 'scrapy.spidermiddlewares.offsite.OffsiteMiddleware',
 'scrapy.spidermiddlewares.referer.RefererMiddleware',
 'scrapy.spidermiddlewares.urllength.UrlLengthMiddleware',
 'scrapy.spidermiddlewares.depth.DepthMiddleware']
2019-11-26 09:54:00 [scrapy.middleware] INFO: Enabled item pipelines:
['wangzherongyao.pipelines.WangZheImagePipeline']
2019-11-26 09:54:00 [scrapy.core.engine] INFO: Spider opened
2019-11-26 09:54:00 [scrapy.extensions.logstats] INFO: Crawled 0 pages (at 0 pages/min), scraped 0 items (at 0 items/min)
2019-11-26 09:54:00 [scrapy.extensions.telnet] INFO: Telnet console listening on 127.0.0.1:6023
2019-11-26 09:54:00 [scrapy.core.engine] DEBUG: Crawled (404) <GET https://pvp.qq.com/robots.txt> (referer: None)
2019-11-26 09:54:00 [scrapy.robotstxt] WARNING: Failure while parsing robots.txt. File either contains garbage or is in an encoding other than UTF-8, treating it as an empty file.
Traceback (most recent call last):
  File "/Users/xiaoyuan/.virtualenvs/spider/lib/python3.8/site-packages/twisted/internet/defer.py", line 1418, in _inlineCallbacks
    result = g.send(result)
  File "/Users/xiaoyuan/.virtualenvs/spider/lib/python3.8/site-packages/scrapy/core/downloader/middleware.py", line 44, in process_request
    defer.returnValue((yield download_func(request=request, spider=spider)))
  File "/Users/xiaoyuan/.virtualenvs/spider/lib/python3.8/site-packages/twisted/internet/defer.py", line 1362, in returnValue
    raise _DefGen_Return(val)
twisted.internet.defer._DefGen_Return: <404 https://pvp.qq.com/robots.txt>

During handling of the above exception, another exception occurred:

Traceback (most recent call last):
  File "/Users/xiaoyuan/.virtualenvs/spider/lib/python3.8/site-packages/scrapy/robotstxt.py", line 15, in decode_robotstxt
    robotstxt_body = robotstxt_body.decode('utf-8')
UnicodeDecodeError: 'utf-8' codec can't decode byte 0xc4 in position 93: invalid continuation byte
2019-11-26 09:54:00 [scrapy.core.engine] DEBUG: Crawled (200) <GET https://pvp.qq.com/web201605/js/herolist.json> (referer: None)
2019-11-26 09:54:00 [scrapy.core.engine] DEBUG: Crawled (404) <GET http://game.gtimg.cn/robots.txt> (referer: None)
2019-11-26 09:54:14 [scrapy.core.engine] DEBUG: Crawled (200) <GET http://game.gtimg.cn/images/yxzj/img201606/skin/hero-info/106/106-bigskin-5.jpg> (referer: None)
2019-11-26 09:54:14 [scrapy.pipelines.files] DEBUG: File (downloaded): Downloaded file from <GET http://game.gtimg.cn/images/yxzj/img201606/skin/hero-info/106/106-bigskin-5.jpg> referred in <None>
2019-11-26 09:54:14 [scrapy.core.scraper] DEBUG: Scraped from <200 https://pvp.qq.com/web201605/js/herolist.json>
{'cname': '小乔',
 'ename': 106,
 'pic': 'http://game.gtimg.cn/images/yxzj/img201606/skin/hero-info/106/106-bigskin-5.jpg',
 'title': '恋之微风'}
2019-11-26 09:54:16 [scrapy.core.engine] DEBUG: Crawled (200) <GET http://game.gtimg.cn/images/yxzj/img201606/skin/hero-info/105/105-bigskin-1.jpg> (referer: None)
2019-11-26 09:54:16 [scrapy.pipelines.files] DEBUG: File (downloaded): Downloaded file from <GET http://game.gtimg.cn/images/yxzj/img201606/skin/hero-info/105/105-bigskin-1.jpg> referred in <None>
2019-11-26 09:54:17 [scrapy.core.scraper] DEBUG: Scraped from <200 https://pvp.qq.com/web201605/js/herolist.json>
{'cname': '廉颇',
 'ename': 105,
 'pic': 'http://game.gtimg.cn/images/yxzj/img201606/skin/hero-info/105/105-bigskin-1.jpg',
 'title': '正义爆轰'}
2019-11-26 09:54:17 [scrapy.core.engine] DEBUG: Crawled (200) <GET http://game.gtimg.cn/images/yxzj/img201606/skin/hero-info/107/107-bigskin-1.jpg> (referer: None)
2019-11-26 09:54:17 [scrapy.pipelines.files] DEBUG: File (downloaded): Downloaded file from <GET http://game.gtimg.cn/images/yxzj/img201606/skin/hero-info/107/107-bigskin-1.jpg> referred in <None>
2019-11-26 09:54:17 [scrapy.core.engine] DEBUG: Crawled (200) <GET http://game.gtimg.cn/images/yxzj/img201606/skin/hero-info/107/107-bigskin-2.jpg> (referer: None)
2019-11-26 09:54:17 [scrapy.pipelines.files] DEBUG: File (downloaded): Downloaded file from <GET http://game.gtimg.cn/images/yxzj/img201606/skin/hero-info/107/107-bigskin-2.jpg> referred in <None>
2019-11-26 09:54:17 [scrapy.core.scraper] DEBUG: Scraped from <200 https://pvp.qq.com/web201605/js/herolist.json>
{'cname': '赵云',
 'ename': 107,
 'pic': 'http://game.gtimg.cn/images/yxzj/img201606/skin/hero-info/107/107-bigskin-1.jpg',
 'title': '苍天翔龙'}
2019-11-26 09:54:17 [scrapy.core.scraper] DEBUG: Scraped from <200 https://pvp.qq.com/web201605/js/herolist.json>
{'cname': '赵云',
 'ename': 107,
 'pic': 'http://game.gtimg.cn/images/yxzj/img201606/skin/hero-info/107/107-bigskin-2.jpg',
 'title': '苍天翔龙'}
2019-11-26 09:54:17 [scrapy.core.engine] DEBUG: Crawled (200) <GET http://game.gtimg.cn/images/yxzj/img201606/skin/hero-info/106/106-bigskin-2.jpg> (referer: None)
2019-11-26 09:54:17 [scrapy.pipelines.files] DEBUG: File (downloaded): Downloaded file from <GET http://game.gtimg.cn/images/yxzj/img201606/skin/hero-info/106/106-bigskin-2.jpg> referred in <None>
2019-11-26 09:54:17 [scrapy.crawler] INFO: Received SIGINT, shutting down gracefully. Send again to force 
2019-11-26 09:54:17 [scrapy.core.engine] INFO: Closing spider (shutdown)
2019-11-26 09:54:17 [scrapy.core.engine] DEBUG: Crawled (200) <GET http://game.gtimg.cn/images/yxzj/img201606/skin/hero-info/106/106-bigskin-3.jpg> (referer: None)
2019-11-26 09:54:17 [scrapy.pipelines.files] DEBUG: File (downloaded): Downloaded file from <GET http://game.gtimg.cn/images/yxzj/img201606/skin/hero-info/106/106-bigskin-3.jpg> referred in <None>
2019-11-26 09:54:18 [scrapy.core.scraper] DEBUG: Scraped from <200 https://pvp.qq.com/web201605/js/herolist.json>
{'cname': '小乔',
 'ename': 106,
 'pic': 'http://game.gtimg.cn/images/yxzj/img201606/skin/hero-info/106/106-bigskin-2.jpg',
 'title': '恋之微风'}
2019-11-26 09:54:18 [scrapy.core.scraper] DEBUG: Scraped from <200 https://pvp.qq.com/web201605/js/herolist.json>
{'cname': '小乔',
 'ename': 106,
 'pic': 'http://game.gtimg.cn/images/yxzj/img201606/skin/hero-info/106/106-bigskin-3.jpg',
 'title': '恋之微风'}
2019-11-26 09:54:18 [scrapy.core.engine] DEBUG: Crawled (200) <GET http://game.gtimg.cn/images/yxzj/img201606/skin/hero-info/106/106-bigskin-1.jpg> (referer: None)
2019-11-26 09:54:18 [scrapy.pipelines.files] DEBUG: File (downloaded): Downloaded file from <GET http://game.gtimg.cn/images/yxzj/img201606/skin/hero-info/106/106-bigskin-1.jpg> referred in <None>
2019-11-26 09:54:18 [scrapy.core.scraper] DEBUG: Scraped from <200 https://pvp.qq.com/web201605/js/herolist.json>
{'cname': '小乔',
 'ename': 106,
 'pic': 'http://game.gtimg.cn/images/yxzj/img201606/skin/hero-info/106/106-bigskin-1.jpg',
 'title': '恋之微风'}
2019-11-26 09:54:19 [scrapy.crawler] INFO: Received SIGINT twice, forcing unclean shutdown
2019-11-26 09:54:19 [scrapy.core.downloader.handlers.http11] WARNING: Got data loss in http://game.gtimg.cn/images/yxzj/img201606/skin/hero-info/107/107-bigskin-5.jpg. If you want to process broken responses set the setting DOWNLOAD_FAIL_ON_DATALOSS = False -- This message won't be shown in further requests
2019-11-26 09:54:19 [scrapy.downloadermiddlewares.retry] DEBUG: Retrying <GET http://game.gtimg.cn/images/yxzj/img201606/skin/hero-info/107/107-bigskin-5.jpg> (failed 1 times): [<twisted.python.failure.Failure twisted.internet.error.ConnectionLost: Connection to the other side was lost in a non-clean fashion: Connection lost.>, <twisted.python.failure.Failure twisted.web.http._DataLoss: >]
2019-11-26 09:54:19 [scrapy.core.downloader.handlers.http11] WARNING: Got data loss in http://game.gtimg.cn/images/yxzj/img201606/skin/hero-info/107/107-bigskin-3.jpg. If you want to process broken responses set the setting DOWNLOAD_FAIL_ON_DATALOSS = False -- This message won't be shown in further requests
2019-11-26 09:54:19 [scrapy.downloadermiddlewares.retry] DEBUG: Retrying <GET http://game.gtimg.cn/images/yxzj/img201606/skin/hero-info/107/107-bigskin-3.jpg> (failed 1 times): [<twisted.python.failure.Failure twisted.internet.error.ConnectionLost: Connection to the other side was lost in a non-clean fashion: Connection lost.>, <twisted.python.failure.Failure twisted.web.http._DataLoss: >]
2019-11-26 09:54:19 [scrapy.core.downloader.handlers.http11] WARNING: Got data loss in http://game.gtimg.cn/images/yxzj/img201606/skin/hero-info/105/105-bigskin-2.jpg. If you want to process broken responses set the setting DOWNLOAD_FAIL_ON_DATALOSS = False -- This message won't be shown in further requests
2019-11-26 09:54:19 [scrapy.downloadermiddlewares.retry] DEBUG: Retrying <GET http://game.gtimg.cn/images/yxzj/img201606/skin/hero-info/105/105-bigskin-2.jpg> (failed 1 times): [<twisted.python.failure.Failure twisted.internet.error.ConnectionLost: Connection to the other side was lost in a non-clean fashion: Connection lost.>, <twisted.python.failure.Failure twisted.web.http._DataLoss: >]
2019-11-26 09:54:19 [scrapy.core.downloader.handlers.http11] WARNING: Got data loss in http://game.gtimg.cn/images/yxzj/img201606/skin/hero-info/106/106-bigskin-4.jpg. If you want to process broken responses set the setting DOWNLOAD_FAIL_ON_DATALOSS = False -- This message won't be shown in further requests
2019-11-26 09:54:19 [scrapy.downloadermiddlewares.retry] DEBUG: Retrying <GET http://game.gtimg.cn/images/yxzj/img201606/skin/hero-info/106/106-bigskin-4.jpg> (failed 1 times): [<twisted.python.failure.Failure twisted.internet.error.ConnectionLost: Connection to the other side was lost in a non-clean fashion: Connection lost.>, <twisted.python.failure.Failure twisted.web.http._DataLoss: >]
2019-11-26 09:54:19 [scrapy.core.downloader.handlers.http11] WARNING: Got data loss in http://game.gtimg.cn/images/yxzj/img201606/skin/hero-info/107/107-bigskin-4.jpg. If you want to process broken responses set the setting DOWNLOAD_FAIL_ON_DATALOSS = False -- This message won't be shown in further requests
2019-11-26 09:54:19 [scrapy.downloadermiddlewares.retry] DEBUG: Retrying <GET http://game.gtimg.cn/images/yxzj/img201606/skin/hero-info/107/107-bigskin-4.jpg> (failed 1 times): [<twisted.python.failure.Failure twisted.internet.error.ConnectionLost: Connection to the other side was lost in a non-clean fashion: Connection lost.>, <twisted.python.failure.Failure twisted.web.http._DataLoss: >]
2019-11-26 09:57:39 [scrapy.utils.log] INFO: Scrapy 1.8.0 started (bot: wangzherongyao)
2019-11-26 09:57:39 [scrapy.utils.log] INFO: Versions: lxml 4.4.1.0, libxml2 2.9.4, cssselect 1.1.0, parsel 1.5.2, w3lib 1.21.0, Twisted 19.10.0, Python 3.8.0 (v3.8.0:fa919fdf25, Oct 14 2019, 10:23:27) - [Clang 6.0 (clang-600.0.57)], pyOpenSSL 19.0.0 (OpenSSL 1.1.1d  10 Sep 2019), cryptography 2.8, Platform macOS-10.14.5-x86_64-i386-64bit
2019-11-26 09:57:39 [scrapy.crawler] INFO: Overridden settings: {'BOT_NAME': 'wangzherongyao', 'LOG_FILE': 'wangzhe.log', 'NEWSPIDER_MODULE': 'wangzherongyao.spiders', 'ROBOTSTXT_OBEY': True, 'SPIDER_MODULES': ['wangzherongyao.spiders']}
2019-11-26 09:57:39 [scrapy.extensions.telnet] INFO: Telnet Password: 467cef2fec2a765e
2019-11-26 09:57:39 [scrapy.middleware] INFO: Enabled extensions:
['scrapy.extensions.corestats.CoreStats',
 'scrapy.extensions.telnet.TelnetConsole',
 'scrapy.extensions.memusage.MemoryUsage',
 'scrapy.extensions.logstats.LogStats']
2019-11-26 09:57:39 [scrapy.middleware] INFO: Enabled downloader middlewares:
['scrapy.downloadermiddlewares.robotstxt.RobotsTxtMiddleware',
 'scrapy.downloadermiddlewares.httpauth.HttpAuthMiddleware',
 'scrapy.downloadermiddlewares.downloadtimeout.DownloadTimeoutMiddleware',
 'scrapy.downloadermiddlewares.defaultheaders.DefaultHeadersMiddleware',
 'scrapy.downloadermiddlewares.useragent.UserAgentMiddleware',
 'scrapy.downloadermiddlewares.retry.RetryMiddleware',
 'scrapy.downloadermiddlewares.redirect.MetaRefreshMiddleware',
 'scrapy.downloadermiddlewares.httpcompression.HttpCompressionMiddleware',
 'scrapy.downloadermiddlewares.redirect.RedirectMiddleware',
 'scrapy.downloadermiddlewares.cookies.CookiesMiddleware',
 'scrapy.downloadermiddlewares.httpproxy.HttpProxyMiddleware',
 'scrapy.downloadermiddlewares.stats.DownloaderStats']
2019-11-26 09:57:39 [scrapy.middleware] INFO: Enabled spider middlewares:
['scrapy.spidermiddlewares.httperror.HttpErrorMiddleware',
 'scrapy.spidermiddlewares.offsite.OffsiteMiddleware',
 'scrapy.spidermiddlewares.referer.RefererMiddleware',
 'scrapy.spidermiddlewares.urllength.UrlLengthMiddleware',
 'scrapy.spidermiddlewares.depth.DepthMiddleware']
2019-11-26 09:57:40 [scrapy.middleware] INFO: Enabled item pipelines:
['wangzherongyao.pipelines.WangZheImagePipeline']
2019-11-26 09:57:40 [scrapy.core.engine] INFO: Spider opened
2019-11-26 09:57:40 [scrapy.extensions.logstats] INFO: Crawled 0 pages (at 0 pages/min), scraped 0 items (at 0 items/min)
2019-11-26 09:57:40 [scrapy.extensions.telnet] INFO: Telnet console listening on 127.0.0.1:6023
2019-11-26 09:57:40 [scrapy.core.engine] DEBUG: Crawled (404) <GET https://pvp.qq.com/robots.txt> (referer: None)
2019-11-26 09:57:40 [scrapy.robotstxt] WARNING: Failure while parsing robots.txt. File either contains garbage or is in an encoding other than UTF-8, treating it as an empty file.
Traceback (most recent call last):
  File "/Users/xiaoyuan/.virtualenvs/spider/lib/python3.8/site-packages/twisted/internet/defer.py", line 1418, in _inlineCallbacks
    result = g.send(result)
  File "/Users/xiaoyuan/.virtualenvs/spider/lib/python3.8/site-packages/scrapy/core/downloader/middleware.py", line 44, in process_request
    defer.returnValue((yield download_func(request=request, spider=spider)))
  File "/Users/xiaoyuan/.virtualenvs/spider/lib/python3.8/site-packages/twisted/internet/defer.py", line 1362, in returnValue
    raise _DefGen_Return(val)
twisted.internet.defer._DefGen_Return: <404 https://pvp.qq.com/robots.txt>

During handling of the above exception, another exception occurred:

Traceback (most recent call last):
  File "/Users/xiaoyuan/.virtualenvs/spider/lib/python3.8/site-packages/scrapy/robotstxt.py", line 15, in decode_robotstxt
    robotstxt_body = robotstxt_body.decode('utf-8')
UnicodeDecodeError: 'utf-8' codec can't decode byte 0xc4 in position 93: invalid continuation byte
2019-11-26 09:57:40 [scrapy.core.engine] DEBUG: Crawled (200) <GET https://pvp.qq.com/web201605/js/herolist.json> (referer: None)
2019-11-26 09:57:40 [scrapy.pipelines.files] DEBUG: File (uptodate): Downloaded image from <GET http://game.gtimg.cn/images/yxzj/img201606/skin/hero-info/105/105-bigskin-1.jpg> referred in <None>
2019-11-26 09:57:40 [scrapy.pipelines.files] DEBUG: File (uptodate): Downloaded image from <GET http://game.gtimg.cn/images/yxzj/img201606/skin/hero-info/106/106-bigskin-1.jpg> referred in <None>
2019-11-26 09:57:40 [scrapy.pipelines.files] DEBUG: File (uptodate): Downloaded image from <GET http://game.gtimg.cn/images/yxzj/img201606/skin/hero-info/106/106-bigskin-2.jpg> referred in <None>
2019-11-26 09:57:40 [scrapy.pipelines.files] DEBUG: File (uptodate): Downloaded image from <GET http://game.gtimg.cn/images/yxzj/img201606/skin/hero-info/106/106-bigskin-3.jpg> referred in <None>
2019-11-26 09:57:40 [scrapy.pipelines.files] DEBUG: File (uptodate): Downloaded image from <GET http://game.gtimg.cn/images/yxzj/img201606/skin/hero-info/106/106-bigskin-5.jpg> referred in <None>
2019-11-26 09:57:40 [scrapy.pipelines.files] DEBUG: File (uptodate): Downloaded image from <GET http://game.gtimg.cn/images/yxzj/img201606/skin/hero-info/107/107-bigskin-1.jpg> referred in <None>
2019-11-26 09:57:40 [scrapy.pipelines.files] DEBUG: File (uptodate): Downloaded image from <GET http://game.gtimg.cn/images/yxzj/img201606/skin/hero-info/107/107-bigskin-2.jpg> referred in <None>
2019-11-26 09:57:40 [scrapy.core.scraper] DEBUG: Scraped from <200 https://pvp.qq.com/web201605/js/herolist.json>
{'cname': '廉颇',
 'ename': 105,
 'pic': 'http://game.gtimg.cn/images/yxzj/img201606/skin/hero-info/105/105-bigskin-1.jpg',
 'skinname': '正义爆轰',
 'title': '正义爆轰'}
2019-11-26 09:57:40 [scrapy.core.scraper] DEBUG: Scraped from <200 https://pvp.qq.com/web201605/js/herolist.json>
{'cname': '小乔',
 'ename': 106,
 'pic': 'http://game.gtimg.cn/images/yxzj/img201606/skin/hero-info/106/106-bigskin-1.jpg',
 'skinname': '恋之微风',
 'title': '恋之微风'}
2019-11-26 09:57:40 [scrapy.core.scraper] DEBUG: Scraped from <200 https://pvp.qq.com/web201605/js/herolist.json>
{'cname': '小乔',
 'ename': 106,
 'pic': 'http://game.gtimg.cn/images/yxzj/img201606/skin/hero-info/106/106-bigskin-2.jpg',
 'skinname': '万圣前夜',
 'title': '恋之微风'}
2019-11-26 09:57:40 [scrapy.core.scraper] DEBUG: Scraped from <200 https://pvp.qq.com/web201605/js/herolist.json>
{'cname': '小乔',
 'ename': 106,
 'pic': 'http://game.gtimg.cn/images/yxzj/img201606/skin/hero-info/106/106-bigskin-3.jpg',
 'skinname': '天鹅之梦',
 'title': '恋之微风'}
2019-11-26 09:57:40 [scrapy.core.scraper] DEBUG: Scraped from <200 https://pvp.qq.com/web201605/js/herolist.json>
{'cname': '小乔',
 'ename': 106,
 'pic': 'http://game.gtimg.cn/images/yxzj/img201606/skin/hero-info/106/106-bigskin-5.jpg',
 'skinname': '缤纷独角兽',
 'title': '恋之微风'}
2019-11-26 09:57:40 [scrapy.core.scraper] DEBUG: Scraped from <200 https://pvp.qq.com/web201605/js/herolist.json>
{'cname': '赵云',
 'ename': 107,
 'pic': 'http://game.gtimg.cn/images/yxzj/img201606/skin/hero-info/107/107-bigskin-1.jpg',
 'skinname': '苍天翔龙',
 'title': '苍天翔龙'}
2019-11-26 09:57:40 [scrapy.core.scraper] DEBUG: Scraped from <200 https://pvp.qq.com/web201605/js/herolist.json>
{'cname': '赵云',
 'ename': 107,
 'pic': 'http://game.gtimg.cn/images/yxzj/img201606/skin/hero-info/107/107-bigskin-2.jpg',
 'skinname': '忍●炎影',
 'title': '苍天翔龙'}
2019-11-26 09:57:40 [scrapy.core.engine] DEBUG: Crawled (404) <GET http://game.gtimg.cn/robots.txt> (referer: None)
2019-11-26 09:58:02 [scrapy.crawler] INFO: Received SIGINT, shutting down gracefully. Send again to force 
2019-11-26 09:58:02 [scrapy.core.engine] INFO: Closing spider (shutdown)
2019-11-26 09:58:03 [scrapy.crawler] INFO: Received SIGINT twice, forcing unclean shutdown
2019-11-26 09:58:03 [scrapy.core.downloader.handlers.http11] WARNING: Got data loss in http://game.gtimg.cn/images/yxzj/img201606/skin/hero-info/107/107-bigskin-3.jpg. If you want to process broken responses set the setting DOWNLOAD_FAIL_ON_DATALOSS = False -- This message won't be shown in further requests
2019-11-26 09:58:03 [scrapy.downloadermiddlewares.retry] DEBUG: Retrying <GET http://game.gtimg.cn/images/yxzj/img201606/skin/hero-info/107/107-bigskin-3.jpg> (failed 1 times): [<twisted.python.failure.Failure twisted.internet.error.ConnectionLost: Connection to the other side was lost in a non-clean fashion: Connection lost.>, <twisted.python.failure.Failure twisted.web.http._DataLoss: >]
2019-11-26 09:58:03 [scrapy.core.downloader.handlers.http11] WARNING: Got data loss in http://game.gtimg.cn/images/yxzj/img201606/skin/hero-info/107/107-bigskin-5.jpg. If you want to process broken responses set the setting DOWNLOAD_FAIL_ON_DATALOSS = False -- This message won't be shown in further requests
2019-11-26 09:58:03 [scrapy.downloadermiddlewares.retry] DEBUG: Retrying <GET http://game.gtimg.cn/images/yxzj/img201606/skin/hero-info/107/107-bigskin-5.jpg> (failed 1 times): [<twisted.python.failure.Failure twisted.internet.error.ConnectionLost: Connection to the other side was lost in a non-clean fashion: Connection lost.>, <twisted.python.failure.Failure twisted.web.http._DataLoss: >]
2019-11-26 09:58:03 [scrapy.core.downloader.handlers.http11] WARNING: Got data loss in http://game.gtimg.cn/images/yxzj/img201606/skin/hero-info/108/108-bigskin-1.jpg. If you want to process broken responses set the setting DOWNLOAD_FAIL_ON_DATALOSS = False -- This message won't be shown in further requests
2019-11-26 09:58:03 [scrapy.downloadermiddlewares.retry] DEBUG: Retrying <GET http://game.gtimg.cn/images/yxzj/img201606/skin/hero-info/108/108-bigskin-1.jpg> (failed 1 times): [<twisted.python.failure.Failure twisted.internet.error.ConnectionLost: Connection to the other side was lost in a non-clean fashion: Connection lost.>, <twisted.python.failure.Failure twisted.web.http._DataLoss: >]
2019-11-26 09:58:03 [scrapy.core.downloader.handlers.http11] WARNING: Got data loss in http://game.gtimg.cn/images/yxzj/img201606/skin/hero-info/106/106-bigskin-4.jpg. If you want to process broken responses set the setting DOWNLOAD_FAIL_ON_DATALOSS = False -- This message won't be shown in further requests
2019-11-26 09:58:03 [scrapy.downloadermiddlewares.retry] DEBUG: Retrying <GET http://game.gtimg.cn/images/yxzj/img201606/skin/hero-info/106/106-bigskin-4.jpg> (failed 1 times): [<twisted.python.failure.Failure twisted.internet.error.ConnectionLost: Connection to the other side was lost in a non-clean fashion: Connection lost.>, <twisted.python.failure.Failure twisted.web.http._DataLoss: >]
2019-11-26 09:58:03 [scrapy.downloadermiddlewares.retry] DEBUG: Retrying <GET http://game.gtimg.cn/images/yxzj/img201606/skin/hero-info/107/107-bigskin-7.jpg> (failed 1 times): [<twisted.python.failure.Failure twisted.internet.error.ConnectionLost: Connection to the other side was lost in a non-clean fashion: Connection lost.>]
2019-11-26 09:58:03 [scrapy.core.downloader.handlers.http11] WARNING: Got data loss in http://game.gtimg.cn/images/yxzj/img201606/skin/hero-info/105/105-bigskin-2.jpg. If you want to process broken responses set the setting DOWNLOAD_FAIL_ON_DATALOSS = False -- This message won't be shown in further requests
2019-11-26 09:58:03 [scrapy.downloadermiddlewares.retry] DEBUG: Retrying <GET http://game.gtimg.cn/images/yxzj/img201606/skin/hero-info/105/105-bigskin-2.jpg> (failed 1 times): [<twisted.python.failure.Failure twisted.internet.error.ConnectionLost: Connection to the other side was lost in a non-clean fashion: Connection lost.>, <twisted.python.failure.Failure twisted.web.http._DataLoss: >]
2019-11-26 09:58:03 [scrapy.core.downloader.handlers.http11] WARNING: Got data loss in http://game.gtimg.cn/images/yxzj/img201606/skin/hero-info/107/107-bigskin-6.jpg. If you want to process broken responses set the setting DOWNLOAD_FAIL_ON_DATALOSS = False -- This message won't be shown in further requests
2019-11-26 09:58:03 [scrapy.downloadermiddlewares.retry] DEBUG: Retrying <GET http://game.gtimg.cn/images/yxzj/img201606/skin/hero-info/107/107-bigskin-6.jpg> (failed 1 times): [<twisted.python.failure.Failure twisted.internet.error.ConnectionLost: Connection to the other side was lost in a non-clean fashion: Connection lost.>, <twisted.python.failure.Failure twisted.web.http._DataLoss: >]
2019-11-26 09:58:03 [scrapy.core.downloader.handlers.http11] WARNING: Got data loss in http://game.gtimg.cn/images/yxzj/img201606/skin/hero-info/107/107-bigskin-4.jpg. If you want to process broken responses set the setting DOWNLOAD_FAIL_ON_DATALOSS = False -- This message won't be shown in further requests
2019-11-26 09:58:03 [scrapy.downloadermiddlewares.retry] DEBUG: Retrying <GET http://game.gtimg.cn/images/yxzj/img201606/skin/hero-info/107/107-bigskin-4.jpg> (failed 1 times): [<twisted.python.failure.Failure twisted.internet.error.ConnectionLost: Connection to the other side was lost in a non-clean fashion: Connection lost.>, <twisted.python.failure.Failure twisted.web.http._DataLoss: >]
2019-11-26 09:59:55 [scrapy.utils.log] INFO: Scrapy 1.8.0 started (bot: wangzherongyao)
2019-11-26 09:59:55 [scrapy.utils.log] INFO: Versions: lxml 4.4.1.0, libxml2 2.9.4, cssselect 1.1.0, parsel 1.5.2, w3lib 1.21.0, Twisted 19.10.0, Python 3.8.0 (v3.8.0:fa919fdf25, Oct 14 2019, 10:23:27) - [Clang 6.0 (clang-600.0.57)], pyOpenSSL 19.0.0 (OpenSSL 1.1.1d  10 Sep 2019), cryptography 2.8, Platform macOS-10.14.5-x86_64-i386-64bit
2019-11-26 09:59:55 [scrapy.crawler] INFO: Overridden settings: {'BOT_NAME': 'wangzherongyao', 'LOG_FILE': 'wangzhe.log', 'NEWSPIDER_MODULE': 'wangzherongyao.spiders', 'ROBOTSTXT_OBEY': True, 'SPIDER_MODULES': ['wangzherongyao.spiders']}
2019-11-26 09:59:55 [scrapy.extensions.telnet] INFO: Telnet Password: 5fa1a47804a80810
2019-11-26 09:59:55 [scrapy.middleware] INFO: Enabled extensions:
['scrapy.extensions.corestats.CoreStats',
 'scrapy.extensions.telnet.TelnetConsole',
 'scrapy.extensions.memusage.MemoryUsage',
 'scrapy.extensions.logstats.LogStats']
2019-11-26 09:59:55 [scrapy.middleware] INFO: Enabled downloader middlewares:
['scrapy.downloadermiddlewares.robotstxt.RobotsTxtMiddleware',
 'scrapy.downloadermiddlewares.httpauth.HttpAuthMiddleware',
 'scrapy.downloadermiddlewares.downloadtimeout.DownloadTimeoutMiddleware',
 'scrapy.downloadermiddlewares.defaultheaders.DefaultHeadersMiddleware',
 'scrapy.downloadermiddlewares.useragent.UserAgentMiddleware',
 'scrapy.downloadermiddlewares.retry.RetryMiddleware',
 'scrapy.downloadermiddlewares.redirect.MetaRefreshMiddleware',
 'scrapy.downloadermiddlewares.httpcompression.HttpCompressionMiddleware',
 'scrapy.downloadermiddlewares.redirect.RedirectMiddleware',
 'scrapy.downloadermiddlewares.cookies.CookiesMiddleware',
 'scrapy.downloadermiddlewares.httpproxy.HttpProxyMiddleware',
 'scrapy.downloadermiddlewares.stats.DownloaderStats']
2019-11-26 09:59:55 [scrapy.middleware] INFO: Enabled spider middlewares:
['scrapy.spidermiddlewares.httperror.HttpErrorMiddleware',
 'scrapy.spidermiddlewares.offsite.OffsiteMiddleware',
 'scrapy.spidermiddlewares.referer.RefererMiddleware',
 'scrapy.spidermiddlewares.urllength.UrlLengthMiddleware',
 'scrapy.spidermiddlewares.depth.DepthMiddleware']
2019-11-26 09:59:55 [twisted] CRITICAL: Unhandled error in Deferred:
2019-11-26 09:59:55 [twisted] CRITICAL: 
Traceback (most recent call last):
  File "/Users/xiaoyuan/.virtualenvs/spider/lib/python3.8/site-packages/twisted/internet/defer.py", line 1418, in _inlineCallbacks
    result = g.send(result)
  File "/Users/xiaoyuan/.virtualenvs/spider/lib/python3.8/site-packages/scrapy/crawler.py", line 86, in crawl
    self.engine = self._create_engine()
  File "/Users/xiaoyuan/.virtualenvs/spider/lib/python3.8/site-packages/scrapy/crawler.py", line 111, in _create_engine
    return ExecutionEngine(self, lambda _: self.stop())
  File "/Users/xiaoyuan/.virtualenvs/spider/lib/python3.8/site-packages/scrapy/core/engine.py", line 70, in __init__
    self.scraper = Scraper(crawler)
  File "/Users/xiaoyuan/.virtualenvs/spider/lib/python3.8/site-packages/scrapy/core/scraper.py", line 71, in __init__
    self.itemproc = itemproc_cls.from_crawler(crawler)
  File "/Users/xiaoyuan/.virtualenvs/spider/lib/python3.8/site-packages/scrapy/middleware.py", line 53, in from_crawler
    return cls.from_settings(crawler.settings, crawler)
  File "/Users/xiaoyuan/.virtualenvs/spider/lib/python3.8/site-packages/scrapy/middleware.py", line 34, in from_settings
    mwcls = load_object(clspath)
  File "/Users/xiaoyuan/.virtualenvs/spider/lib/python3.8/site-packages/scrapy/utils/misc.py", line 46, in load_object
    mod = import_module(module)
  File "/Users/xiaoyuan/.virtualenvs/spider/lib/python3.8/importlib/__init__.py", line 127, in import_module
    return _bootstrap._gcd_import(name[level:], package, level)
  File "<frozen importlib._bootstrap>", line 1014, in _gcd_import
  File "<frozen importlib._bootstrap>", line 991, in _find_and_load
  File "<frozen importlib._bootstrap>", line 975, in _find_and_load_unlocked
  File "<frozen importlib._bootstrap>", line 671, in _load_unlocked
  File "<frozen importlib._bootstrap_external>", line 783, in exec_module
  File "<frozen importlib._bootstrap>", line 219, in _call_with_frames_removed
  File "/Users/xiaoyuan/Desktop/1903/14day/wangzherongyao/wangzherongyao/pipelines.py", line 13, in <module>
    IMAGES_STORE = get_project_settings['IMAGES_STORE']
TypeError: 'function' object is not subscriptable
2019-11-26 10:00:31 [scrapy.utils.log] INFO: Scrapy 1.8.0 started (bot: wangzherongyao)
2019-11-26 10:00:31 [scrapy.utils.log] INFO: Versions: lxml 4.4.1.0, libxml2 2.9.4, cssselect 1.1.0, parsel 1.5.2, w3lib 1.21.0, Twisted 19.10.0, Python 3.8.0 (v3.8.0:fa919fdf25, Oct 14 2019, 10:23:27) - [Clang 6.0 (clang-600.0.57)], pyOpenSSL 19.0.0 (OpenSSL 1.1.1d  10 Sep 2019), cryptography 2.8, Platform macOS-10.14.5-x86_64-i386-64bit
2019-11-26 10:00:31 [scrapy.crawler] INFO: Overridden settings: {'BOT_NAME': 'wangzherongyao', 'LOG_FILE': 'wangzhe.log', 'NEWSPIDER_MODULE': 'wangzherongyao.spiders', 'ROBOTSTXT_OBEY': True, 'SPIDER_MODULES': ['wangzherongyao.spiders']}
2019-11-26 10:00:31 [scrapy.extensions.telnet] INFO: Telnet Password: ed81733a644546e2
2019-11-26 10:00:31 [scrapy.middleware] INFO: Enabled extensions:
['scrapy.extensions.corestats.CoreStats',
 'scrapy.extensions.telnet.TelnetConsole',
 'scrapy.extensions.memusage.MemoryUsage',
 'scrapy.extensions.logstats.LogStats']
2019-11-26 10:00:32 [scrapy.middleware] INFO: Enabled downloader middlewares:
['scrapy.downloadermiddlewares.robotstxt.RobotsTxtMiddleware',
 'scrapy.downloadermiddlewares.httpauth.HttpAuthMiddleware',
 'scrapy.downloadermiddlewares.downloadtimeout.DownloadTimeoutMiddleware',
 'scrapy.downloadermiddlewares.defaultheaders.DefaultHeadersMiddleware',
 'scrapy.downloadermiddlewares.useragent.UserAgentMiddleware',
 'scrapy.downloadermiddlewares.retry.RetryMiddleware',
 'scrapy.downloadermiddlewares.redirect.MetaRefreshMiddleware',
 'scrapy.downloadermiddlewares.httpcompression.HttpCompressionMiddleware',
 'scrapy.downloadermiddlewares.redirect.RedirectMiddleware',
 'scrapy.downloadermiddlewares.cookies.CookiesMiddleware',
 'scrapy.downloadermiddlewares.httpproxy.HttpProxyMiddleware',
 'scrapy.downloadermiddlewares.stats.DownloaderStats']
2019-11-26 10:00:32 [scrapy.middleware] INFO: Enabled spider middlewares:
['scrapy.spidermiddlewares.httperror.HttpErrorMiddleware',
 'scrapy.spidermiddlewares.offsite.OffsiteMiddleware',
 'scrapy.spidermiddlewares.referer.RefererMiddleware',
 'scrapy.spidermiddlewares.urllength.UrlLengthMiddleware',
 'scrapy.spidermiddlewares.depth.DepthMiddleware']
2019-11-26 10:00:32 [scrapy.middleware] INFO: Enabled item pipelines:
['wangzherongyao.pipelines.WangZheImagePipeline']
2019-11-26 10:00:32 [scrapy.core.engine] INFO: Spider opened
2019-11-26 10:00:32 [scrapy.extensions.logstats] INFO: Crawled 0 pages (at 0 pages/min), scraped 0 items (at 0 items/min)
2019-11-26 10:00:32 [scrapy.extensions.telnet] INFO: Telnet console listening on 127.0.0.1:6023
2019-11-26 10:00:32 [scrapy.core.engine] DEBUG: Crawled (404) <GET https://pvp.qq.com/robots.txt> (referer: None)
2019-11-26 10:00:32 [scrapy.robotstxt] WARNING: Failure while parsing robots.txt. File either contains garbage or is in an encoding other than UTF-8, treating it as an empty file.
Traceback (most recent call last):
  File "/Users/xiaoyuan/.virtualenvs/spider/lib/python3.8/site-packages/twisted/internet/defer.py", line 1418, in _inlineCallbacks
    result = g.send(result)
  File "/Users/xiaoyuan/.virtualenvs/spider/lib/python3.8/site-packages/scrapy/core/downloader/middleware.py", line 44, in process_request
    defer.returnValue((yield download_func(request=request, spider=spider)))
  File "/Users/xiaoyuan/.virtualenvs/spider/lib/python3.8/site-packages/twisted/internet/defer.py", line 1362, in returnValue
    raise _DefGen_Return(val)
twisted.internet.defer._DefGen_Return: <404 https://pvp.qq.com/robots.txt>

During handling of the above exception, another exception occurred:

Traceback (most recent call last):
  File "/Users/xiaoyuan/.virtualenvs/spider/lib/python3.8/site-packages/scrapy/robotstxt.py", line 15, in decode_robotstxt
    robotstxt_body = robotstxt_body.decode('utf-8')
UnicodeDecodeError: 'utf-8' codec can't decode byte 0xc4 in position 93: invalid continuation byte
2019-11-26 10:00:32 [scrapy.core.engine] DEBUG: Crawled (200) <GET https://pvp.qq.com/web201605/js/herolist.json> (referer: None)
2019-11-26 10:00:33 [scrapy.core.engine] DEBUG: Crawled (404) <GET http://game.gtimg.cn/robots.txt> (referer: None)
2019-11-26 10:00:49 [scrapy.crawler] INFO: Received SIGINT, shutting down gracefully. Send again to force 
2019-11-26 10:00:49 [scrapy.core.engine] INFO: Closing spider (shutdown)
2019-11-26 10:00:49 [scrapy.crawler] INFO: Received SIGINT twice, forcing unclean shutdown
2019-11-26 10:00:49 [scrapy.core.downloader.handlers.http11] WARNING: Got data loss in http://game.gtimg.cn/images/yxzj/img201606/skin/hero-info/106/106-bigskin-5.jpg. If you want to process broken responses set the setting DOWNLOAD_FAIL_ON_DATALOSS = False -- This message won't be shown in further requests
2019-11-26 10:00:49 [scrapy.downloadermiddlewares.retry] DEBUG: Retrying <GET http://game.gtimg.cn/images/yxzj/img201606/skin/hero-info/106/106-bigskin-5.jpg> (failed 1 times): [<twisted.python.failure.Failure twisted.internet.error.ConnectionLost: Connection to the other side was lost in a non-clean fashion: Connection lost.>, <twisted.python.failure.Failure twisted.web.http._DataLoss: >]
2019-11-26 10:00:49 [scrapy.core.downloader.handlers.http11] WARNING: Got data loss in http://game.gtimg.cn/images/yxzj/img201606/skin/hero-info/106/106-bigskin-4.jpg. If you want to process broken responses set the setting DOWNLOAD_FAIL_ON_DATALOSS = False -- This message won't be shown in further requests
2019-11-26 10:00:49 [scrapy.downloadermiddlewares.retry] DEBUG: Retrying <GET http://game.gtimg.cn/images/yxzj/img201606/skin/hero-info/106/106-bigskin-4.jpg> (failed 1 times): [<twisted.python.failure.Failure twisted.internet.error.ConnectionLost: Connection to the other side was lost in a non-clean fashion: Connection lost.>, <twisted.python.failure.Failure twisted.web.http._DataLoss: >]
2019-11-26 10:00:49 [scrapy.core.downloader.handlers.http11] WARNING: Got data loss in http://game.gtimg.cn/images/yxzj/img201606/skin/hero-info/106/106-bigskin-2.jpg. If you want to process broken responses set the setting DOWNLOAD_FAIL_ON_DATALOSS = False -- This message won't be shown in further requests
2019-11-26 10:00:49 [scrapy.downloadermiddlewares.retry] DEBUG: Retrying <GET http://game.gtimg.cn/images/yxzj/img201606/skin/hero-info/106/106-bigskin-2.jpg> (failed 1 times): [<twisted.python.failure.Failure twisted.internet.error.ConnectionLost: Connection to the other side was lost in a non-clean fashion: Connection lost.>, <twisted.python.failure.Failure twisted.web.http._DataLoss: >]
2019-11-26 10:00:49 [scrapy.core.downloader.handlers.http11] WARNING: Got data loss in http://game.gtimg.cn/images/yxzj/img201606/skin/hero-info/105/105-bigskin-1.jpg. If you want to process broken responses set the setting DOWNLOAD_FAIL_ON_DATALOSS = False -- This message won't be shown in further requests
2019-11-26 10:00:49 [scrapy.downloadermiddlewares.retry] DEBUG: Retrying <GET http://game.gtimg.cn/images/yxzj/img201606/skin/hero-info/105/105-bigskin-1.jpg> (failed 1 times): [<twisted.python.failure.Failure twisted.internet.error.ConnectionLost: Connection to the other side was lost in a non-clean fashion: Connection lost.>, <twisted.python.failure.Failure twisted.web.http._DataLoss: >]
2019-11-26 10:00:49 [scrapy.core.downloader.handlers.http11] WARNING: Got data loss in http://game.gtimg.cn/images/yxzj/img201606/skin/hero-info/106/106-bigskin-3.jpg. If you want to process broken responses set the setting DOWNLOAD_FAIL_ON_DATALOSS = False -- This message won't be shown in further requests
2019-11-26 10:00:49 [scrapy.downloadermiddlewares.retry] DEBUG: Retrying <GET http://game.gtimg.cn/images/yxzj/img201606/skin/hero-info/106/106-bigskin-3.jpg> (failed 1 times): [<twisted.python.failure.Failure twisted.internet.error.ConnectionLost: Connection to the other side was lost in a non-clean fashion: Connection lost.>, <twisted.python.failure.Failure twisted.web.http._DataLoss: >]
2019-11-26 10:00:49 [scrapy.downloadermiddlewares.retry] DEBUG: Retrying <GET http://game.gtimg.cn/images/yxzj/img201606/skin/hero-info/105/105-bigskin-2.jpg> (failed 1 times): [<twisted.python.failure.Failure twisted.internet.error.ConnectionLost: Connection to the other side was lost in a non-clean fashion: Connection lost.>]
2019-11-26 10:00:49 [scrapy.core.downloader.handlers.http11] WARNING: Got data loss in http://game.gtimg.cn/images/yxzj/img201606/skin/hero-info/107/107-bigskin-1.jpg. If you want to process broken responses set the setting DOWNLOAD_FAIL_ON_DATALOSS = False -- This message won't be shown in further requests
2019-11-26 10:00:49 [scrapy.downloadermiddlewares.retry] DEBUG: Retrying <GET http://game.gtimg.cn/images/yxzj/img201606/skin/hero-info/107/107-bigskin-1.jpg> (failed 1 times): [<twisted.python.failure.Failure twisted.internet.error.ConnectionLost: Connection to the other side was lost in a non-clean fashion: Connection lost.>, <twisted.python.failure.Failure twisted.web.http._DataLoss: >]
2019-11-26 10:00:49 [scrapy.core.downloader.handlers.http11] WARNING: Got data loss in http://game.gtimg.cn/images/yxzj/img201606/skin/hero-info/106/106-bigskin-1.jpg. If you want to process broken responses set the setting DOWNLOAD_FAIL_ON_DATALOSS = False -- This message won't be shown in further requests
2019-11-26 10:00:49 [scrapy.downloadermiddlewares.retry] DEBUG: Retrying <GET http://game.gtimg.cn/images/yxzj/img201606/skin/hero-info/106/106-bigskin-1.jpg> (failed 1 times): [<twisted.python.failure.Failure twisted.internet.error.ConnectionLost: Connection to the other side was lost in a non-clean fashion: Connection lost.>, <twisted.python.failure.Failure twisted.web.http._DataLoss: >]
2019-11-26 10:00:58 [scrapy.utils.log] INFO: Scrapy 1.8.0 started (bot: wangzherongyao)
2019-11-26 10:00:58 [scrapy.utils.log] INFO: Versions: lxml 4.4.1.0, libxml2 2.9.4, cssselect 1.1.0, parsel 1.5.2, w3lib 1.21.0, Twisted 19.10.0, Python 3.8.0 (v3.8.0:fa919fdf25, Oct 14 2019, 10:23:27) - [Clang 6.0 (clang-600.0.57)], pyOpenSSL 19.0.0 (OpenSSL 1.1.1d  10 Sep 2019), cryptography 2.8, Platform macOS-10.14.5-x86_64-i386-64bit
2019-11-26 10:00:58 [scrapy.crawler] INFO: Overridden settings: {'BOT_NAME': 'wangzherongyao', 'LOG_FILE': 'wangzhe.log', 'NEWSPIDER_MODULE': 'wangzherongyao.spiders', 'ROBOTSTXT_OBEY': True, 'SPIDER_MODULES': ['wangzherongyao.spiders']}
2019-11-26 10:00:58 [scrapy.extensions.telnet] INFO: Telnet Password: c3581cb192228ad9
2019-11-26 10:00:58 [scrapy.middleware] INFO: Enabled extensions:
['scrapy.extensions.corestats.CoreStats',
 'scrapy.extensions.telnet.TelnetConsole',
 'scrapy.extensions.memusage.MemoryUsage',
 'scrapy.extensions.logstats.LogStats']
2019-11-26 10:00:58 [scrapy.middleware] INFO: Enabled downloader middlewares:
['scrapy.downloadermiddlewares.robotstxt.RobotsTxtMiddleware',
 'scrapy.downloadermiddlewares.httpauth.HttpAuthMiddleware',
 'scrapy.downloadermiddlewares.downloadtimeout.DownloadTimeoutMiddleware',
 'scrapy.downloadermiddlewares.defaultheaders.DefaultHeadersMiddleware',
 'scrapy.downloadermiddlewares.useragent.UserAgentMiddleware',
 'scrapy.downloadermiddlewares.retry.RetryMiddleware',
 'scrapy.downloadermiddlewares.redirect.MetaRefreshMiddleware',
 'scrapy.downloadermiddlewares.httpcompression.HttpCompressionMiddleware',
 'scrapy.downloadermiddlewares.redirect.RedirectMiddleware',
 'scrapy.downloadermiddlewares.cookies.CookiesMiddleware',
 'scrapy.downloadermiddlewares.httpproxy.HttpProxyMiddleware',
 'scrapy.downloadermiddlewares.stats.DownloaderStats']
2019-11-26 10:00:58 [scrapy.middleware] INFO: Enabled spider middlewares:
['scrapy.spidermiddlewares.httperror.HttpErrorMiddleware',
 'scrapy.spidermiddlewares.offsite.OffsiteMiddleware',
 'scrapy.spidermiddlewares.referer.RefererMiddleware',
 'scrapy.spidermiddlewares.urllength.UrlLengthMiddleware',
 'scrapy.spidermiddlewares.depth.DepthMiddleware']
2019-11-26 10:00:58 [scrapy.middleware] INFO: Enabled item pipelines:
['wangzherongyao.pipelines.WangZheImagePipeline']
2019-11-26 10:00:58 [scrapy.core.engine] INFO: Spider opened
2019-11-26 10:00:58 [scrapy.extensions.logstats] INFO: Crawled 0 pages (at 0 pages/min), scraped 0 items (at 0 items/min)
2019-11-26 10:00:58 [scrapy.extensions.telnet] INFO: Telnet console listening on 127.0.0.1:6023
2019-11-26 10:00:59 [scrapy.core.engine] DEBUG: Crawled (404) <GET https://pvp.qq.com/robots.txt> (referer: None)
2019-11-26 10:00:59 [scrapy.robotstxt] WARNING: Failure while parsing robots.txt. File either contains garbage or is in an encoding other than UTF-8, treating it as an empty file.
Traceback (most recent call last):
  File "/Users/xiaoyuan/.virtualenvs/spider/lib/python3.8/site-packages/twisted/internet/defer.py", line 1418, in _inlineCallbacks
    result = g.send(result)
  File "/Users/xiaoyuan/.virtualenvs/spider/lib/python3.8/site-packages/scrapy/core/downloader/middleware.py", line 44, in process_request
    defer.returnValue((yield download_func(request=request, spider=spider)))
  File "/Users/xiaoyuan/.virtualenvs/spider/lib/python3.8/site-packages/twisted/internet/defer.py", line 1362, in returnValue
    raise _DefGen_Return(val)
twisted.internet.defer._DefGen_Return: <404 https://pvp.qq.com/robots.txt>

During handling of the above exception, another exception occurred:

Traceback (most recent call last):
  File "/Users/xiaoyuan/.virtualenvs/spider/lib/python3.8/site-packages/scrapy/robotstxt.py", line 15, in decode_robotstxt
    robotstxt_body = robotstxt_body.decode('utf-8')
UnicodeDecodeError: 'utf-8' codec can't decode byte 0xc4 in position 93: invalid continuation byte
2019-11-26 10:00:59 [scrapy.core.engine] DEBUG: Crawled (200) <GET https://pvp.qq.com/web201605/js/herolist.json> (referer: None)
2019-11-26 10:00:59 [scrapy.core.engine] DEBUG: Crawled (404) <GET http://game.gtimg.cn/robots.txt> (referer: None)
2019-11-26 10:01:40 [scrapy.core.engine] DEBUG: Crawled (200) <GET http://game.gtimg.cn/images/yxzj/img201606/skin/hero-info/106/106-bigskin-5.jpg> (referer: None)
2019-11-26 10:01:40 [scrapy.pipelines.files] DEBUG: File (downloaded): Downloaded file from <GET http://game.gtimg.cn/images/yxzj/img201606/skin/hero-info/106/106-bigskin-5.jpg> referred in <None>
2019-11-26 10:01:41 [scrapy.core.engine] DEBUG: Crawled (200) <GET http://game.gtimg.cn/images/yxzj/img201606/skin/hero-info/106/106-bigskin-3.jpg> (referer: None)
2019-11-26 10:01:41 [scrapy.pipelines.files] DEBUG: File (downloaded): Downloaded file from <GET http://game.gtimg.cn/images/yxzj/img201606/skin/hero-info/106/106-bigskin-3.jpg> referred in <None>
2019-11-26 10:01:41 [scrapy.core.scraper] DEBUG: Scraped from <200 https://pvp.qq.com/web201605/js/herolist.json>
{'cname': '小乔',
 'ename': 106,
 'pic': 'http://game.gtimg.cn/images/yxzj/img201606/skin/hero-info/106/106-bigskin-5.jpg',
 'skinname': '缤纷独角兽',
 'title': '恋之微风'}
2019-11-26 10:01:41 [scrapy.core.scraper] DEBUG: Scraped from <200 https://pvp.qq.com/web201605/js/herolist.json>
{'cname': '小乔',
 'ename': 106,
 'pic': 'http://game.gtimg.cn/images/yxzj/img201606/skin/hero-info/106/106-bigskin-3.jpg',
 'skinname': '天鹅之梦',
 'title': '恋之微风'}
2019-11-26 10:01:51 [scrapy.core.engine] DEBUG: Crawled (200) <GET http://game.gtimg.cn/images/yxzj/img201606/skin/hero-info/105/105-bigskin-2.jpg> (referer: None)
2019-11-26 10:01:51 [scrapy.pipelines.files] DEBUG: File (downloaded): Downloaded file from <GET http://game.gtimg.cn/images/yxzj/img201606/skin/hero-info/105/105-bigskin-2.jpg> referred in <None>
2019-11-26 10:01:51 [scrapy.core.scraper] DEBUG: Scraped from <200 https://pvp.qq.com/web201605/js/herolist.json>
{'cname': '廉颇',
 'ename': 105,
 'pic': 'http://game.gtimg.cn/images/yxzj/img201606/skin/hero-info/105/105-bigskin-2.jpg',
 'skinname': '地狱岩魂',
 'title': '正义爆轰'}
2019-11-26 10:01:52 [scrapy.core.engine] DEBUG: Crawled (200) <GET http://game.gtimg.cn/images/yxzj/img201606/skin/hero-info/106/106-bigskin-2.jpg> (referer: None)
2019-11-26 10:01:52 [scrapy.pipelines.files] DEBUG: File (downloaded): Downloaded file from <GET http://game.gtimg.cn/images/yxzj/img201606/skin/hero-info/106/106-bigskin-2.jpg> referred in <None>
2019-11-26 10:01:52 [scrapy.core.scraper] DEBUG: Scraped from <200 https://pvp.qq.com/web201605/js/herolist.json>
{'cname': '小乔',
 'ename': 106,
 'pic': 'http://game.gtimg.cn/images/yxzj/img201606/skin/hero-info/106/106-bigskin-2.jpg',
 'skinname': '万圣前夜',
 'title': '恋之微风'}
2019-11-26 10:01:55 [scrapy.core.engine] DEBUG: Crawled (200) <GET http://game.gtimg.cn/images/yxzj/img201606/skin/hero-info/107/107-bigskin-2.jpg> (referer: None)
2019-11-26 10:01:55 [scrapy.pipelines.files] DEBUG: File (downloaded): Downloaded file from <GET http://game.gtimg.cn/images/yxzj/img201606/skin/hero-info/107/107-bigskin-2.jpg> referred in <None>
2019-11-26 10:01:55 [scrapy.core.scraper] DEBUG: Scraped from <200 https://pvp.qq.com/web201605/js/herolist.json>
{'cname': '赵云',
 'ename': 107,
 'pic': 'http://game.gtimg.cn/images/yxzj/img201606/skin/hero-info/107/107-bigskin-2.jpg',
 'skinname': '忍●炎影',
 'title': '苍天翔龙'}
2019-11-26 10:01:58 [scrapy.extensions.logstats] INFO: Crawled 8 pages (at 8 pages/min), scraped 5 items (at 5 items/min)
2019-11-26 10:02:01 [scrapy.core.engine] DEBUG: Crawled (200) <GET http://game.gtimg.cn/images/yxzj/img201606/skin/hero-info/107/107-bigskin-1.jpg> (referer: None)
2019-11-26 10:02:01 [scrapy.pipelines.files] DEBUG: File (downloaded): Downloaded file from <GET http://game.gtimg.cn/images/yxzj/img201606/skin/hero-info/107/107-bigskin-1.jpg> referred in <None>
2019-11-26 10:02:02 [scrapy.core.scraper] DEBUG: Scraped from <200 https://pvp.qq.com/web201605/js/herolist.json>
{'cname': '赵云',
 'ename': 107,
 'pic': 'http://game.gtimg.cn/images/yxzj/img201606/skin/hero-info/107/107-bigskin-1.jpg',
 'skinname': '苍天翔龙',
 'title': '苍天翔龙'}
2019-11-26 10:02:16 [scrapy.core.engine] DEBUG: Crawled (200) <GET http://game.gtimg.cn/images/yxzj/img201606/skin/hero-info/107/107-bigskin-3.jpg> (referer: None)
2019-11-26 10:02:16 [scrapy.pipelines.files] DEBUG: File (downloaded): Downloaded file from <GET http://game.gtimg.cn/images/yxzj/img201606/skin/hero-info/107/107-bigskin-3.jpg> referred in <None>
2019-11-26 10:02:16 [scrapy.core.scraper] DEBUG: Scraped from <200 https://pvp.qq.com/web201605/js/herolist.json>
{'cname': '赵云',
 'ename': 107,
 'pic': 'http://game.gtimg.cn/images/yxzj/img201606/skin/hero-info/107/107-bigskin-3.jpg',
 'skinname': '未来纪元',
 'title': '苍天翔龙'}
2019-11-26 10:02:28 [scrapy.crawler] INFO: Received SIGINT, shutting down gracefully. Send again to force 
2019-11-26 10:02:28 [scrapy.core.engine] INFO: Closing spider (shutdown)
2019-11-26 10:02:29 [scrapy.crawler] INFO: Received SIGINT twice, forcing unclean shutdown
2019-11-26 10:02:29 [scrapy.core.downloader.handlers.http11] WARNING: Got data loss in http://game.gtimg.cn/images/yxzj/img201606/skin/hero-info/107/107-bigskin-6.jpg. If you want to process broken responses set the setting DOWNLOAD_FAIL_ON_DATALOSS = False -- This message won't be shown in further requests
2019-11-26 10:02:29 [scrapy.downloadermiddlewares.retry] DEBUG: Retrying <GET http://game.gtimg.cn/images/yxzj/img201606/skin/hero-info/107/107-bigskin-6.jpg> (failed 1 times): [<twisted.python.failure.Failure twisted.internet.error.ConnectionLost: Connection to the other side was lost in a non-clean fashion: Connection lost.>, <twisted.python.failure.Failure twisted.web.http._DataLoss: >]
2019-11-26 10:02:29 [scrapy.core.downloader.handlers.http11] WARNING: Got data loss in http://game.gtimg.cn/images/yxzj/img201606/skin/hero-info/105/105-bigskin-1.jpg. If you want to process broken responses set the setting DOWNLOAD_FAIL_ON_DATALOSS = False -- This message won't be shown in further requests
2019-11-26 10:02:29 [scrapy.downloadermiddlewares.retry] DEBUG: Retrying <GET http://game.gtimg.cn/images/yxzj/img201606/skin/hero-info/105/105-bigskin-1.jpg> (failed 1 times): [<twisted.python.failure.Failure twisted.internet.error.ConnectionLost: Connection to the other side was lost in a non-clean fashion: Connection lost.>, <twisted.python.failure.Failure twisted.web.http._DataLoss: >]
2019-11-26 10:02:29 [scrapy.core.downloader.handlers.http11] WARNING: Got data loss in http://game.gtimg.cn/images/yxzj/img201606/skin/hero-info/107/107-bigskin-5.jpg. If you want to process broken responses set the setting DOWNLOAD_FAIL_ON_DATALOSS = False -- This message won't be shown in further requests
2019-11-26 10:02:29 [scrapy.downloadermiddlewares.retry] DEBUG: Retrying <GET http://game.gtimg.cn/images/yxzj/img201606/skin/hero-info/107/107-bigskin-5.jpg> (failed 1 times): [<twisted.python.failure.Failure twisted.internet.error.ConnectionLost: Connection to the other side was lost in a non-clean fashion: Connection lost.>, <twisted.python.failure.Failure twisted.web.http._DataLoss: >]
2019-11-26 10:02:29 [scrapy.core.downloader.handlers.http11] WARNING: Got data loss in http://game.gtimg.cn/images/yxzj/img201606/skin/hero-info/107/107-bigskin-7.jpg. If you want to process broken responses set the setting DOWNLOAD_FAIL_ON_DATALOSS = False -- This message won't be shown in further requests
2019-11-26 10:02:29 [scrapy.downloadermiddlewares.retry] DEBUG: Retrying <GET http://game.gtimg.cn/images/yxzj/img201606/skin/hero-info/107/107-bigskin-7.jpg> (failed 1 times): [<twisted.python.failure.Failure twisted.internet.error.ConnectionLost: Connection to the other side was lost in a non-clean fashion: Connection lost.>, <twisted.python.failure.Failure twisted.web.http._DataLoss: >]
2019-11-26 10:02:29 [scrapy.core.downloader.handlers.http11] WARNING: Got data loss in http://game.gtimg.cn/images/yxzj/img201606/skin/hero-info/108/108-bigskin-1.jpg. If you want to process broken responses set the setting DOWNLOAD_FAIL_ON_DATALOSS = False -- This message won't be shown in further requests
2019-11-26 10:02:29 [scrapy.downloadermiddlewares.retry] DEBUG: Retrying <GET http://game.gtimg.cn/images/yxzj/img201606/skin/hero-info/108/108-bigskin-1.jpg> (failed 1 times): [<twisted.python.failure.Failure twisted.internet.error.ConnectionLost: Connection to the other side was lost in a non-clean fashion: Connection lost.>, <twisted.python.failure.Failure twisted.web.http._DataLoss: >]
2019-11-26 10:02:29 [scrapy.core.downloader.handlers.http11] WARNING: Got data loss in http://game.gtimg.cn/images/yxzj/img201606/skin/hero-info/107/107-bigskin-4.jpg. If you want to process broken responses set the setting DOWNLOAD_FAIL_ON_DATALOSS = False -- This message won't be shown in further requests
2019-11-26 10:02:29 [scrapy.downloadermiddlewares.retry] DEBUG: Retrying <GET http://game.gtimg.cn/images/yxzj/img201606/skin/hero-info/107/107-bigskin-4.jpg> (failed 1 times): [<twisted.python.failure.Failure twisted.internet.error.ConnectionLost: Connection to the other side was lost in a non-clean fashion: Connection lost.>, <twisted.python.failure.Failure twisted.web.http._DataLoss: >]
2019-11-26 10:02:29 [scrapy.core.downloader.handlers.http11] WARNING: Got data loss in http://game.gtimg.cn/images/yxzj/img201606/skin/hero-info/106/106-bigskin-4.jpg. If you want to process broken responses set the setting DOWNLOAD_FAIL_ON_DATALOSS = False -- This message won't be shown in further requests
2019-11-26 10:02:29 [scrapy.downloadermiddlewares.retry] DEBUG: Retrying <GET http://game.gtimg.cn/images/yxzj/img201606/skin/hero-info/106/106-bigskin-4.jpg> (failed 1 times): [<twisted.python.failure.Failure twisted.internet.error.ConnectionLost: Connection to the other side was lost in a non-clean fashion: Connection lost.>, <twisted.python.failure.Failure twisted.web.http._DataLoss: >]
2019-11-26 10:02:29 [scrapy.core.downloader.handlers.http11] WARNING: Got data loss in http://game.gtimg.cn/images/yxzj/img201606/skin/hero-info/106/106-bigskin-1.jpg. If you want to process broken responses set the setting DOWNLOAD_FAIL_ON_DATALOSS = False -- This message won't be shown in further requests
2019-11-26 10:02:29 [scrapy.downloadermiddlewares.retry] DEBUG: Retrying <GET http://game.gtimg.cn/images/yxzj/img201606/skin/hero-info/106/106-bigskin-1.jpg> (failed 1 times): [<twisted.python.failure.Failure twisted.internet.error.ConnectionLost: Connection to the other side was lost in a non-clean fashion: Connection lost.>, <twisted.python.failure.Failure twisted.web.http._DataLoss: >]
